[    1156ms] [WARNING] Element with id: cover-image not found @ https://static.licdn.com/aero-v1/sc/h/cllw7p1yujlvbgr62595s5m8w:1
[    1161ms] [WARNING] Element with id: isMergeSignInSignUpV2Enabled not found @ https://static.licdn.com/aero-v1/sc/h/cllw7p1yujlvbgr62595s5m8w:1
[    1161ms] [WARNING] Element with id: mergeSignInSignUpLixValue not found @ https://static.licdn.com/aero-v1/sc/h/cllw7p1yujlvbgr62595s5m8w:1
[    1162ms] [WARNING] No outlet was found with a data-modal attribute equal to the provided dataCustomOutlet param base-contextual-sign-in-modal @ https://static.licdn.com/aero-v1/sc/h/cllw7p1yujlvbgr62595s5m8w:1
[    1615ms] [WARNING] [GSI_LOGGER]: Your client application may not display the Google One Tap in its default position. When FedCM becomes mandatory, One Tap only displays in the default position. Refer to the migration guide to update your code accordingly and opt-in to FedCM to test your changes. Learn more: https://developers.google.com/identity/gsi/web/guides/fedcm-migration?s=dc#layout @ https://static.licdn.com/aero-v1/sc/h/29rdkxlvag0d3cpj96fiilbju:168
[    1616ms] [WARNING] [GSI_LOGGER]: Your client application uses one of the Google One Tap prompt UI status methods that may stop functioning when FedCM becomes mandatory. Refer to the migration guide to update your code accordingly and opt-in to FedCM to test your changes. Learn more: https://developers.google.com/identity/gsi/web/guides/fedcm-migration?s=dc#display_moment and https://developers.google.com/identity/gsi/web/guides/fedcm-migration?s=dc#skipped_moment @ https://static.licdn.com/aero-v1/sc/h/29rdkxlvag0d3cpj96fiilbju:168
[    1619ms] [WARNING] [GSI_LOGGER]: Currently, you disable FedCM on Google One Tap. FedCM for One Tap will become mandatory starting Oct 2024, and you won’t be able to disable it. Refer to the migration guide to update your code accordingly to ensure users will not be blocked from logging in. Learn more: https://developers.google.com/identity/gsi/web/guides/fedcm-migration @ https://static.licdn.com/aero-v1/sc/h/29rdkxlvag0d3cpj96fiilbju:168
[    1633ms] [WARNING] [GSI_LOGGER]: Currently, you disable FedCM on Google One Tap. FedCM for One Tap will become mandatory starting Oct 2024, and you won’t be able to disable it. Refer to the migration guide to update your code accordingly to ensure users will not be blocked from logging in. Learn more: https://developers.google.com/identity/gsi/web/guides/fedcm-migration @ https://static.licdn.com/aero-v1/sc/h/29rdkxlvag0d3cpj96fiilbju:168
[    1746ms] [LOG] %c EvalError
    at nV (https://client.protechts.net/PXdOjV695v/main.min.js:2:64658)
    at pY (https://client.protechts.net/PXdOjV695v/main.min.js:2:69566)
    at Jh (https://client.protechts.net/PXdOjV695v/main.min.js:2:218736)
    at Jf (https://client.protechts.net/PXdOjV695v/main.min.js:2:218353)
    at https://client.protechts.net/PXdOjV695v/main.min.js:2:220075
    at https://client.protechts.net/PXdOjV695v/main.min.js:2:220081
    at https://client.protechts.net/PXdOjV695v/main.min.js:2:220546 @ https://client.protechts.net/PXdOjV695v/main.min.js:1
[    1856ms] [WARNING] VIDEOJS: WARN: Player "[object HTMLVideoElement]" is already initialised. Options will not be applied. @ https://static.licdn.com/aero-v1/sc/h/985sqoiudwdfnuemt74raqc27:13
[    1862ms] [WARNING] VIDEOJS: WARN: Calling addRemoteTextTrack without explicitly setting the "manualCleanup" parameter to `true` is deprecated and default to `false` in future version of video.js @ https://static.licdn.com/aero-v1/sc/h/985sqoiudwdfnuemt74raqc27:13
[    1865ms] [WARNING] VIDEOJS: WARN: Calling addRemoteTextTrack without explicitly setting the "manualCleanup" parameter to `true` is deprecated and default to `false` in future version of video.js @ https://static.licdn.com/aero-v1/sc/h/985sqoiudwdfnuemt74raqc27:13
[    1907ms] [WARNING] VIDEOJS: WARN: Using the tech directly can be dangerous. I hope you know what you're doing.
See https://github.com/videojs/video.js/issues/2617 for more info.
 @ https://static.licdn.com/aero-v1/sc/h/985sqoiudwdfnuemt74raqc27:13
[    1909ms] [WARNING] VIDEOJS: WARN: Using the tech directly can be dangerous. I hope you know what you're doing.
See https://github.com/videojs/video.js/issues/2617 for more info.
 @ https://static.licdn.com/aero-v1/sc/h/985sqoiudwdfnuemt74raqc27:13
[    2175ms] [ERROR] VIDEOJS: ERROR: Q @ https://static.licdn.com/aero-v1/sc/h/985sqoiudwdfnuemt74raqc27:13
[    2178ms] [ERROR] VIDEOJS: ERROR: Q @ https://static.licdn.com/aero-v1/sc/h/985sqoiudwdfnuemt74raqc27:13
